<?xml version="1.0" encoding="UTF-8"?>
<!-- Generated by org.testng.reporters.JUnitXMLReporter -->
<testsuite hostname="WIN7-PC" ignored="0" name="Default test" tests="1" failures="1" timestamp="2023-03-19T17:16:30 IST" time="44.421" errors="0">
  <testcase name="runScenario" time="33.403" classname="io.cucumber.testng.AbstractTestNGCucumberTests">
    <failure type="java.lang.NullPointerException">
      <![CDATA[java.lang.NullPointerException
at stepdefinition.LumaStepDefinition.user_navigate_to_url(LumaStepDefinition.java:24)
at ✽.user navigate to url "https://magento.softwaretestingboard.com/"(file:///C:/Users/WIN%207/Desktop/LUMA1/Selenium_Cumcumber/src/test/resources/Features/Luma.feature:5)
]]>
    </failure>
  </testcase> <!-- runScenario -->
</testsuite> <!-- Default test -->
