<?xml version="1.0" encoding="UTF-8"?>
<testng-results skipped="0" failed="1" ignored="0" total="1" passed="0">
  <reporter-output>
  </reporter-output>
  <suite name="Default suite" duration-ms="44421" started-at="2023-03-19T17:15:45 IST" finished-at="2023-03-19T17:16:30 IST">
    <groups>
      <group name="cucumber">
        <method signature="AbstractTestNGCucumberTests.runScenario(io.cucumber.testng.PickleWrapper,io.cucumber.testng.FeatureWrapper)[pri:0, instance:Runner.LumaRunner@727803de]" name="runScenario" class="io.cucumber.testng.AbstractTestNGCucumberTests"/>
      </group> <!-- cucumber -->
    </groups>
    <test name="Default test" duration-ms="44421" started-at="2023-03-19T17:15:45 IST" finished-at="2023-03-19T17:16:30 IST">
      <class name="Runner.LumaRunner">
        <test-method status="PASS" signature="setUpClass(org.testng.ITestContext)[pri:0, instance:Runner.LumaRunner@727803de]" name="setUpClass" is-config="true" duration-ms="2688" started-at="2023-03-19T17:15:45 IST" finished-at="2023-03-19T17:15:48 IST">
          <params>
            <param index="0">
              <value>
                <![CDATA[org.testng.TestRunner@b4711e2]]>
              </value>
            </param>
          </params>
          <reporter-output>
          </reporter-output>
        </test-method> <!-- setUpClass -->
        <test-method status="FAIL" signature="runScenario(io.cucumber.testng.PickleWrapper,io.cucumber.testng.FeatureWrapper)[pri:0, instance:Runner.LumaRunner@727803de]" name="runScenario" duration-ms="33403" started-at="2023-03-19T17:15:48 IST" description="Runs Cucumber Scenarios" data-provider="scenarios" finished-at="2023-03-19T17:16:22 IST">
          <params>
            <param index="0">
              <value>
                <![CDATA["Ordering overnight duffer bag"]]>
              </value>
            </param>
            <param index="1">
              <value>
                <![CDATA["checking modole Lume Bags"]]>
              </value>
            </param>
          </params>
          <exception class="java.lang.NullPointerException">
            <full-stacktrace>
              <![CDATA[java.lang.NullPointerException
at stepdefinition.LumaStepDefinition.user_navigate_to_url(LumaStepDefinition.java:24)
at ✽.user navigate to url "https://magento.softwaretestingboard.com/"(file:///C:/Users/WIN%207/Desktop/LUMA1/Selenium_Cumcumber/src/test/resources/Features/Luma.feature:5)
]]>
            </full-stacktrace>
          </exception> <!-- java.lang.NullPointerException -->
          <reporter-output>
          </reporter-output>
        </test-method> <!-- runScenario -->
        <test-method status="PASS" signature="tearDownClass()[pri:0, instance:Runner.LumaRunner@727803de]" name="tearDownClass" is-config="true" duration-ms="8090" started-at="2023-03-19T17:16:22 IST" finished-at="2023-03-19T17:16:30 IST">
          <reporter-output>
          </reporter-output>
        </test-method> <!-- tearDownClass -->
      </class> <!-- Runner.LumaRunner -->
    </test> <!-- Default test -->
  </suite> <!-- Default suite -->
</testng-results>
