<?xml version="1.0" encoding="UTF-8"?>
<!-- Generated by org.testng.reporters.JUnitReportReporter -->
<testsuite skipped="0" hostname="WIN7-PC" name="Runner.LumaRunner" tests="1" failures="0" timestamp="2023-03-19T17:16:30 IST" time="33.403" errors="1">
  <testcase name="runScenario" time="33.403" classname="Runner.LumaRunner">
    <error type="java.lang.NullPointerException">
      <![CDATA[java.lang.NullPointerException
at stepdefinition.LumaStepDefinition.user_navigate_to_url(LumaStepDefinition.java:24)
at ✽.user navigate to url "https://magento.softwaretestingboard.com/"(file:///C:/Users/WIN%207/Desktop/LUMA1/Selenium_Cumcumber/src/test/resources/Features/Luma.feature:5)
]]>
    </error>
  </testcase> <!-- runScenario -->
  <system-out/>
</testsuite> <!-- Runner.LumaRunner -->
